2020-08-30 01:41:07.749  INFO 22524 --- [restartedMain] com.cuarentena.web.WebApplication        : Starting WebApplication on LAPTOP-DN9M00K3 with PID 22524 (C:\Users\Ruben\Desktop\Proyectos Propios\cuarentena\target\classes started by Ruben in C:\Users\Ruben\Desktop\Proyectos Propios\cuarentena)
2020-08-30 01:41:07.764  INFO 22524 --- [restartedMain] com.cuarentena.web.WebApplication        : No active profile set, falling back to default profiles: default
2020-08-30 01:41:07.862  INFO 22524 --- [restartedMain] .e.DevToolsPropertyDefaultsPostProcessor : Devtools property defaults active! Set 'spring.devtools.add-properties' to 'false' to disable
2020-08-30 01:41:07.863  INFO 22524 --- [restartedMain] .e.DevToolsPropertyDefaultsPostProcessor : For additional web related logging consider setting the 'logging.level.web' property to 'DEBUG'
2020-08-30 01:41:09.206  INFO 22524 --- [restartedMain] .s.d.r.c.RepositoryConfigurationDelegate : Bootstrapping Spring Data JPA repositories in DEFERRED mode.
2020-08-30 01:41:09.306  INFO 22524 --- [restartedMain] .s.d.r.c.RepositoryConfigurationDelegate : Finished Spring Data repository scanning in 87ms. Found 1 JPA repository interfaces.
2020-08-30 01:41:10.251  INFO 22524 --- [restartedMain] o.s.b.w.embedded.tomcat.TomcatWebServer  : Tomcat initialized with port(s): 8080 (http)
2020-08-30 01:41:10.260  INFO 22524 --- [restartedMain] o.apache.catalina.core.StandardService   : Starting service [Tomcat]
2020-08-30 01:41:10.261  INFO 22524 --- [restartedMain] org.apache.catalina.core.StandardEngine  : Starting Servlet engine: [Apache Tomcat/9.0.35]
2020-08-30 01:41:10.558  INFO 22524 --- [restartedMain] org.apache.jasper.servlet.TldScanner     : At least one JAR was scanned for TLDs yet contained no TLDs. Enable debug logging for this logger for a complete list of JARs that were scanned but no TLDs were found in them. Skipping unneeded JARs during scanning can improve startup time and JSP compilation time.
2020-08-30 01:41:10.564  INFO 22524 --- [restartedMain] o.a.c.c.C.[Tomcat].[localhost].[/]       : Initializing Spring embedded WebApplicationContext
2020-08-30 01:41:10.564  INFO 22524 --- [restartedMain] o.s.web.context.ContextLoader            : Root WebApplicationContext: initialization completed in 2701 ms
2020-08-30 01:41:10.768  INFO 22524 --- [restartedMain] o.s.s.concurrent.ThreadPoolTaskExecutor  : Initializing ExecutorService 'applicationTaskExecutor'
2020-08-30 01:41:10.814  INFO 22524 --- [task-1] o.hibernate.jpa.internal.util.LogHelper  : HHH000204: Processing PersistenceUnitInfo [name: default]
2020-08-30 01:41:10.990  WARN 22524 --- [restartedMain] JpaBaseConfiguration$JpaWebConfiguration : spring.jpa.open-in-view is enabled by default. Therefore, database queries may be performed during view rendering. Explicitly configure spring.jpa.open-in-view to disable this warning
2020-08-30 01:41:10.993  INFO 22524 --- [task-1] org.hibernate.Version                    : HHH000412: Hibernate ORM core version 5.4.15.Final
2020-08-30 01:41:11.170  INFO 22524 --- [task-1] o.hibernate.annotations.common.Version   : HCANN000001: Hibernate Commons Annotations {5.1.0.Final}
2020-08-30 01:41:11.193  INFO 22524 --- [restartedMain] o.s.s.web.DefaultSecurityFilterChain     : Creating filter chain: Ant [pattern='/css/**'], []
2020-08-30 01:41:11.194  INFO 22524 --- [restartedMain] o.s.s.web.DefaultSecurityFilterChain     : Creating filter chain: Ant [pattern='/js/**'], []
2020-08-30 01:41:11.248  INFO 22524 --- [restartedMain] o.s.s.web.DefaultSecurityFilterChain     : Creating filter chain: any request, [org.springframework.security.web.context.request.async.WebAsyncManagerIntegrationFilter@1f0623de, org.springframework.security.web.context.SecurityContextPersistenceFilter@1bcff8c7, org.springframework.security.web.header.HeaderWriterFilter@4544efdd, org.springframework.security.web.authentication.logout.LogoutFilter@238f3931, org.springframework.security.web.authentication.UsernamePasswordAuthenticationFilter@7158add3, org.springframework.security.web.savedrequest.RequestCacheAwareFilter@75b82d25, org.springframework.security.web.servletapi.SecurityContextHolderAwareRequestFilter@48b28799, org.springframework.security.web.authentication.rememberme.RememberMeAuthenticationFilter@533da58, org.springframework.security.web.authentication.AnonymousAuthenticationFilter@3f4ab7db, org.springframework.security.web.session.SessionManagementFilter@56343ac9, org.springframework.security.web.access.ExceptionTranslationFilter@54820c77, org.springframework.security.web.access.intercept.FilterSecurityInterceptor@157674c7]
2020-08-30 01:41:11.327  INFO 22524 --- [task-1] com.zaxxer.hikari.HikariDataSource       : HikariPool-1 - Starting...
2020-08-30 01:41:11.334  INFO 22524 --- [restartedMain] org.apache.tiles.access.TilesAccess      : Publishing TilesContext for context: org.springframework.web.servlet.view.tiles3.SpringWildcardServletTilesApplicationContext
2020-08-30 01:41:12.011  INFO 22524 --- [task-1] com.zaxxer.hikari.HikariDataSource       : HikariPool-1 - Start completed.
2020-08-30 01:41:12.059  INFO 22524 --- [task-1] org.hibernate.dialect.Dialect            : HHH000400: Using dialect: org.hibernate.dialect.MySQL57Dialect
2020-08-30 01:41:13.076  INFO 22524 --- [task-1] o.h.e.t.j.p.i.JtaPlatformInitiator       : HHH000490: Using JtaPlatform implementation: [org.hibernate.engine.transaction.jta.platform.internal.NoJtaPlatform]
2020-08-30 01:41:13.089  INFO 22524 --- [task-1] j.LocalContainerEntityManagerFactoryBean : Initialized JPA EntityManagerFactory for persistence unit 'default'
2020-08-30 01:41:13.541  INFO 22524 --- [task-2] o.s.b.d.a.OptionalLiveReloadServer       : LiveReload server is running on port 35729
2020-08-30 01:41:13.734  INFO 22524 --- [restartedMain] o.s.b.w.embedded.tomcat.TomcatWebServer  : Tomcat started on port(s): 8080 (http) with context path ''
2020-08-30 01:41:13.736  INFO 22524 --- [restartedMain] DeferredRepositoryInitializationListener : Triggering deferred initialization of Spring Data repositories…
2020-08-30 01:41:13.869  INFO 22524 --- [restartedMain] DeferredRepositoryInitializationListener : Spring Data repositories initialized!
2020-08-30 01:41:13.876  INFO 22524 --- [restartedMain] com.cuarentena.web.WebApplication        : Started WebApplication in 6.667 seconds (JVM running for 8.239)
2020-08-30 01:42:56.233  INFO 22524 --- [http-nio-8080-exec-2] o.a.c.c.C.[Tomcat].[localhost].[/]       : Initializing Spring DispatcherServlet 'dispatcherServlet'
2020-08-30 01:42:56.233  INFO 22524 --- [http-nio-8080-exec-2] o.s.web.servlet.DispatcherServlet        : Initializing Servlet 'dispatcherServlet'
2020-08-30 01:42:56.243  INFO 22524 --- [http-nio-8080-exec-2] o.s.web.servlet.DispatcherServlet        : Completed initialization in 10 ms
